<?xml version="1.0" encoding="UTF-8"?>
<coverage generated="1695900950302" clover="3.2.0">
  <project timestamp="1695900950302" name="All files">
    <metrics statements="28" coveredstatements="27" conditionals="1" coveredconditionals="0" methods="5" coveredmethods="5" elements="34" coveredelements="32" complexity="0" loc="28" ncloc="28" packages="1" files="1" classes="1"/>
    <file name="modal.ts" path="/Users/nurzhanmeirambaiuly/Documents/projects/nurzhan-package/components/Modal/modal.ts">
      <metrics statements="28" coveredstatements="27" conditionals="1" coveredconditionals="0" methods="5" coveredmethods="5"/>
      <line num="1" count="1" type="stmt"/>
      <line num="42" count="5" type="stmt"/>
      <line num="43" count="5" type="stmt"/>
      <line num="45" count="5" type="stmt"/>
      <line num="46" count="5" type="stmt"/>
      <line num="48" count="5" type="stmt"/>
      <line num="49" count="5" type="stmt"/>
      <line num="51" count="5" type="stmt"/>
      <line num="52" count="5" type="stmt"/>
      <line num="53" count="5" type="stmt"/>
      <line num="55" count="5" type="stmt"/>
      <line num="56" count="5" type="stmt"/>
      <line num="57" count="5" type="stmt"/>
      <line num="59" count="5" type="stmt"/>
      <line num="60" count="5" type="stmt"/>
      <line num="61" count="5" type="stmt"/>
      <line num="62" count="5" type="stmt"/>
      <line num="63" count="5" type="stmt"/>
      <line num="65" count="5" type="stmt"/>
      <line num="67" count="5" type="stmt"/>
      <line num="69" count="5" type="stmt"/>
      <line num="70" count="1" type="stmt"/>
      <line num="73" count="5" type="stmt"/>
      <line num="74" count="9" type="cond" truecount="0" falsecount="1"/>
      <line num="75" count="0" type="stmt"/>
      <line num="81" count="4" type="stmt"/>
      <line num="85" count="2" type="stmt"/>
      <line num="89" count="1" type="stmt"/>
    </file>
  </project>
</coverage>
