{"/Users/nurzhanmeirambaiuly/Documents/projects/nurzhan-package/components/Modal/modal.ts": {"path":"/Users/nurzhanmeirambaiuly/Documents/projects/nurzhan-package/components/Modal/modal.ts","statementMap":{"0":{"start":{"line":1,"column":0},"end":{"line":1,"column":21}},"1":{"start":{"line":42,"column":4},"end":{"line":42,"column":23}},"2":{"start":{"line":43,"column":4},"end":{"line":43,"column":27}},"3":{"start":{"line":45,"column":25},"end":{"line":45,"column":53}},"4":{"start":{"line":46,"column":4},"end":{"line":46,"column":40}},"5":{"start":{"line":48,"column":27},"end":{"line":48,"column":54}},"6":{"start":{"line":49,"column":4},"end":{"line":49,"column":44}},"7":{"start":{"line":51,"column":4},"end":{"line":51,"column":54}},"8":{"start":{"line":52,"column":4},"end":{"line":52,"column":42}},"9":{"start":{"line":53,"column":4},"end":{"line":53,"column":45}},"10":{"start":{"line":55,"column":4},"end":{"line":55,"column":56}},"11":{"start":{"line":56,"column":4},"end":{"line":56,"column":47}},"12":{"start":{"line":57,"column":4},"end":{"line":57,"column":39}},"13":{"start":{"line":59,"column":25},"end":{"line":59,"column":54}},"14":{"start":{"line":60,"column":4},"end":{"line":60,"column":45}},"15":{"start":{"line":61,"column":4},"end":{"line":61,"column":43}},"16":{"start":{"line":62,"column":4},"end":{"line":62,"column":45}},"17":{"start":{"line":63,"column":4},"end":{"line":63,"column":49}},"18":{"start":{"line":65,"column":4},"end":{"line":65,"column":48}},"19":{"start":{"line":67,"column":4},"end":{"line":67,"column":49}},"20":{"start":{"line":69,"column":4},"end":{"line":71,"column":7}},"21":{"start":{"line":70,"column":6},"end":{"line":70,"column":19}},"22":{"start":{"line":73,"column":4},"end":{"line":77,"column":7}},"23":{"start":{"line":74,"column":6},"end":{"line":76,"column":null}},"24":{"start":{"line":75,"column":8},"end":{"line":75,"column":21}},"25":{"start":{"line":81,"column":4},"end":{"line":81,"column":46}},"26":{"start":{"line":85,"column":4},"end":{"line":85,"column":45}},"27":{"start":{"line":89,"column":0},"end":{"line":89,"column":21}}},"fnMap":{"0":{"name":"(anonymous_0)","decl":{"start":{"line":41,"column":2},"end":{"line":41,"column":14}},"loc":{"start":{"line":41,"column":28},"end":{"line":78,"column":3}}},"1":{"name":"(anonymous_1)","decl":{"start":{"line":69,"column":49},"end":{"line":69,"column":52}},"loc":{"start":{"line":69,"column":54},"end":{"line":71,"column":5}}},"2":{"name":"(anonymous_2)","decl":{"start":{"line":73,"column":37},"end":{"line":73,"column":38}},"loc":{"start":{"line":73,"column":47},"end":{"line":77,"column":5}}},"3":{"name":"(anonymous_3)","decl":{"start":{"line":80,"column":2},"end":{"line":80,"column":6}},"loc":{"start":{"line":80,"column":6},"end":{"line":82,"column":3}}},"4":{"name":"(anonymous_4)","decl":{"start":{"line":84,"column":2},"end":{"line":84,"column":7}},"loc":{"start":{"line":84,"column":7},"end":{"line":86,"column":3}}}},"branchMap":{"0":{"loc":{"start":{"line":74,"column":6},"end":{"line":76,"column":null}},"type":"if","locations":[{"start":{"line":74,"column":6},"end":{"line":76,"column":null}}]}},"s":{"0":1,"1":5,"2":5,"3":5,"4":5,"5":5,"6":5,"7":5,"8":5,"9":5,"10":5,"11":5,"12":5,"13":5,"14":5,"15":5,"16":5,"17":5,"18":5,"19":5,"20":5,"21":1,"22":5,"23":9,"24":0,"25":4,"26":2,"27":1},"f":{"0":5,"1":1,"2":9,"3":4,"4":2},"b":{"0":[0]}}
}
