TN:
SF:components/Modal/modal.ts
FN:41,(anonymous_0)
FN:69,(anonymous_1)
FN:73,(anonymous_2)
FN:80,(anonymous_3)
FN:84,(anonymous_4)
FNF:5
FNH:5
FNDA:5,(anonymous_0)
FNDA:1,(anonymous_1)
FNDA:9,(anonymous_2)
FNDA:4,(anonymous_3)
FNDA:2,(anonymous_4)
DA:1,1
DA:42,5
DA:43,5
DA:45,5
DA:46,5
DA:48,5
DA:49,5
DA:51,5
DA:52,5
DA:53,5
DA:55,5
DA:56,5
DA:57,5
DA:59,5
DA:60,5
DA:61,5
DA:62,5
DA:63,5
DA:65,5
DA:67,5
DA:69,5
DA:70,1
DA:73,5
DA:74,9
DA:75,0
DA:81,4
DA:85,2
DA:89,1
LF:28
LH:27
BRDA:74,0,0,0
BRF:1
BRH:0
end_of_record
TN:
SF:components/Skeleton/skeleton.ts
FN:22,(anonymous_0)
FN:26,(anonymous_1)
FNF:2
FNH:2
FNDA:1,(anonymous_0)
FNDA:1,(anonymous_1)
DA:1,1
DA:23,1
DA:27,1
DA:28,1
DA:29,1
DA:30,1
DA:31,1
DA:33,1
DA:34,1
DA:36,1
DA:37,1
DA:38,1
DA:39,1
DA:41,1
DA:42,1
DA:44,1
DA:46,1
DA:48,1
DA:49,4
DA:52,1
DA:54,1
DA:56,1
DA:60,1
LF:23
LH:23
BRF:0
BRH:0
end_of_record
TN:
SF:components/Tooltip/tooltip.ts
FN:16,(anonymous_0)
FN:17,(anonymous_1)
FN:34,(anonymous_2)
FNF:3
FNH:2
FNDA:2,(anonymous_0)
FNDA:0,(anonymous_1)
FNDA:2,(anonymous_2)
DA:1,1
DA:17,2
DA:18,0
DA:19,0
DA:20,0
DA:22,0
DA:23,0
DA:24,0
DA:25,0
DA:26,0
DA:27,0
DA:28,0
DA:29,0
DA:35,2
DA:36,2
DA:38,2
DA:39,2
DA:41,2
DA:43,2
DA:47,1
LF:20
LH:9
BRDA:22,0,0,0
BRDA:22,0,1,0
BRDA:26,1,0,0
BRF:3
BRH:0
end_of_record
