TN:
SF:components/Modal/modal.ts
FN:41,(anonymous_0)
FN:69,(anonymous_1)
FN:73,(anonymous_2)
FN:80,(anonymous_3)
FN:84,(anonymous_4)
FNF:5
FNH:5
FNDA:5,(anonymous_0)
FNDA:1,(anonymous_1)
FNDA:9,(anonymous_2)
FNDA:4,(anonymous_3)
FNDA:2,(anonymous_4)
DA:1,1
DA:42,5
DA:43,5
DA:45,5
DA:46,5
DA:48,5
DA:49,5
DA:51,5
DA:52,5
DA:53,5
DA:55,5
DA:56,5
DA:57,5
DA:59,5
DA:60,5
DA:61,5
DA:62,5
DA:63,5
DA:65,5
DA:67,5
DA:69,5
DA:70,1
DA:73,5
DA:74,9
DA:75,0
DA:81,4
DA:85,2
DA:89,1
LF:28
LH:27
BRDA:74,0,0,0
BRF:1
BRH:0
end_of_record
